<?xml version="1.0" encoding="UTF-8"?>
<!-- Generated by org.testng.reporters.JUnitReportReporter -->
<testsuite hostname="192.168.1.3" failures="0" tests="2" name="day35.AnnotationsDemo1" time="0.024" errors="0" timestamp="2023-07-22T14:28:26 IST" skipped="0">
  <testcase classname="day35.AnnotationsDemo1" name="search" time="0.009"/>
  <testcase classname="day35.AnnotationsDemo1" name="advance_search" time="0.015"/>
</testsuite> <!-- day35.AnnotationsDemo1 -->
