<?xml version="1.0" encoding="UTF-8"?>
<!-- Generated by org.testng.reporters.JUnitReportReporter -->
<testsuite hostname="192.168.0.100" failures="0" tests="5" name="day35.DependentMethods" time="0.015" errors="0" timestamp="2023-07-22T18:01:10 IST" skipped="0">
  <testcase classname="day35.DependentMethods" name="openapp" time="0.007"/>
  <testcase classname="day35.DependentMethods" name="login" time="0.002"/>
  <testcase classname="day35.DependentMethods" name="search" time="0.001"/>
  <testcase classname="day35.DependentMethods" name="advsearch" time="0.002"/>
  <testcase classname="day35.DependentMethods" name="logout" time="0.003"/>
</testsuite> <!-- day35.DependentMethods -->
