<?xml version="1.0" encoding="UTF-8"?>
<!-- Generated by org.testng.reporters.JUnitReportReporter -->
<testsuite hostname="192.168.1.2" failures="0" tests="3" name="day34.SecondTest" time="22.255" errors="0" timestamp="2023-07-20T17:22:57 IST" skipped="0">
  <testcase classname="day34.SecondTest" name="openapp" time="19.906"/>
  <testcase classname="day34.SecondTest" name="login" time="2.209"/>
  <testcase classname="day34.SecondTest" name="Close" time="0.140"/>
</testsuite> <!-- day34.SecondTest -->
