<?xml version="1.0" encoding="UTF-8"?>
<!-- Generated by org.testng.reporters.JUnitReportReporter -->
<testsuite hostname="192.168.1.3" failures="0" tests="2" name="day35.AnnotationsDemo2" time="0.009" errors="0" timestamp="2023-07-22T22:39:19 IST" skipped="0">
  <testcase classname="day35.AnnotationsDemo2" name="search" time="0.007"/>
  <testcase classname="day35.AnnotationsDemo2" name="advance_search" time="0.002"/>
</testsuite> <!-- day35.AnnotationsDemo2 -->
