<?xml version="1.0" encoding="UTF-8"?>
<!-- Generated by org.testng.reporters.JUnitReportReporter -->
<testsuite hostname="192.168.1.4" failures="0" tests="3" name="day34.FirstTest" time="0.010" errors="0" timestamp="2023-07-19T13:00:18 IST" skipped="0">
  <testcase classname="day34.FirstTest" name="openapp" time="0.007"/>
  <testcase classname="day34.FirstTest" name="login" time="0.001"/>
  <testcase classname="day34.FirstTest" name="close" time="0.002"/>
</testsuite> <!-- day34.FirstTest -->
