<?xml version="1.0" encoding="UTF-8"?>
<!-- Generated by org.testng.reporters.JUnitReportReporter -->
<testsuite hostname="HLINDLM10LP0498.local" failures="0" tests="10" name="day37.InvocationCountDemo" time="0.038" errors="0" timestamp="2023-07-24T11:35:43 IST" skipped="0">
  <testcase classname="day37.InvocationCountDemo" name="test" time="0.002"/>
  <testcase classname="day37.InvocationCountDemo" name="test" time="0.002"/>
  <testcase classname="day37.InvocationCountDemo" name="test" time="0.009"/>
  <testcase classname="day37.InvocationCountDemo" name="test" time="0.002"/>
  <testcase classname="day37.InvocationCountDemo" name="test" time="0.002"/>
  <testcase classname="day37.InvocationCountDemo" name="test" time="0.002"/>
  <testcase classname="day37.InvocationCountDemo" name="test" time="0.004"/>
  <testcase classname="day37.InvocationCountDemo" name="test" time="0.004"/>
  <testcase classname="day37.InvocationCountDemo" name="test" time="0.002"/>
  <testcase classname="day37.InvocationCountDemo" name="test" time="0.009"/>
</testsuite> <!-- day37.InvocationCountDemo -->
