<?xml version="1.0" encoding="UTF-8"?>
<!-- Generated by org.testng.reporters.JUnitReportReporter -->
<testsuite hostname="192.168.1.2" failures="0" tests="3" name="day34.ThirdTestCase" time="0.006" errors="0" timestamp="2023-07-20T17:21:37 IST" skipped="0">
  <testcase classname="day34.ThirdTestCase" name="test1" time="0.002"/>
  <testcase classname="day34.ThirdTestCase" name="test2" time="0.001"/>
  <testcase classname="day34.ThirdTestCase" name="test3" time="0.003"/>
</testsuite> <!-- day34.ThirdTestCase -->
