<?xml version="1.0" encoding="UTF-8"?>
<!-- Generated by org.testng.reporters.JUnitReportReporter -->
<testsuite hostname="192.168.1.3" failures="0" tests="2" name="day39.LoginTest" time="9.988" errors="0" timestamp="2023-07-29T09:35:27 IST" skipped="0">
  <testcase classname="day39.LoginTest" name="testlogo" time="6.184"/>
  <testcase classname="day39.LoginTest" name="testlogin" time="3.804"/>
</testsuite> <!-- day39.LoginTest -->
