<?xml version="1.0" encoding="UTF-8"?>
<!-- Generated by org.testng.reporters.JUnitReportReporter -->
<testsuite hostname="192.168.0.105" failures="0" tests="2" name="day35.AllAnnotations" time="0.012" errors="0" timestamp="2023-07-22T16:26:38 IST" skipped="0">
  <testcase classname="day35.AllAnnotations" name="tm" time="0.010"/>
  <testcase classname="day35.AllAnnotations" name="tm2" time="0.002"/>
</testsuite> <!-- day35.AllAnnotations -->
