<?xml version="1.0" encoding="UTF-8"?>
<!-- Generated by org.testng.reporters.JUnitReportReporter -->
<testsuite hostname="192.168.1.3" failures="0" tests="3" name="day36.Grouping" time="0.011" errors="0" timestamp="2023-07-22T22:31:35 IST" skipped="0">
  <testcase classname="day36.Grouping" name="loginByfacebook" time="0.008"/>
  <testcase classname="day36.Grouping" name="loginBytwitter" time="0.002"/>
  <testcase classname="day36.Grouping" name="paymentindollar" time="0.001"/>
</testsuite> <!-- day36.Grouping -->
